# JRE version: OpenJDK Runtime Environment (8.0_112-b06) (build 1.8.0_112-release-b06)
# Java VM: OpenJDK 64-Bit Server VM (25.112-b06 mixed mode windows-amd64 compressed oops)
Heap:
 PSYoungGen      total 62464K, used 50078K [0x00000000e0000000, 0x00000000e4780000, 0x0000000100000000)
  eden space 51712K, 86% used [0x00000000e0000000,0x00000000e2bbce58,0x00000000e3280000)
  from space 10752K, 49% used [0x00000000e3c80000,0x00000000e41aad08,0x00000000e4700000)
  to   space 10240K, 0% used [0x00000000e3280000,0x00000000e3280000,0x00000000e3c80000)
 ParOldGen       total 60928K, used 9030K [0x00000000a0000000, 0x00000000a3b80000, 0x00000000e0000000)
  object space 60928K, 14% used [0x00000000a0000000,0x00000000a08d1970,0x00000000a3b80000)
 Metaspace       used 28765K, capacity 29216K, committed 29440K, reserved 1075200K
  class space    used 3904K, capacity 4045K, committed 4096K, reserved 1048576K
GC Heap History (10 events):
Event: 12.777 GC heap before
{Heap before GC invocations=3 (full 0):
 PSYoungGen      total 37888K, used 37884K [0x00000000e0000000, 0x00000000e2a00000, 0x0000000100000000)
  eden space 32768K, 100% used [0x00000000e0000000,0x00000000e2000000,0x00000000e2000000)
  from space 5120K, 99% used [0x00000000e2500000,0x00000000e29ff3a8,0x00000000e2a00000)
  to   space 5120K, 0% used [0x00000000e2000000,0x00000000e2000000,0x00000000e2500000)
 ParOldGen       total 86016K, used 704K [0x00000000a0000000, 0x00000000a5400000, 0x00000000e0000000)
  object space 86016K, 0% used [0x00000000a0000000,0x00000000a00b00e8,0x00000000a5400000)
 Metaspace       used 16508K, capacity 16832K, committed 17024K, reserved 1064960K
  class space    used 2295K, capacity 2381K, committed 2432K, reserved 1048576K
Event: 12.796 GC heap after
Heap after GC invocations=3 (full 0):
 PSYoungGen      total 37888K, used 5107K [0x00000000e0000000, 0x00000000e2a00000, 0x0000000100000000)
  eden space 32768K, 0% used [0x00000000e0000000,0x00000000e0000000,0x00000000e2000000)
  from space 5120K, 99% used [0x00000000e2000000,0x00000000e24fce60,0x00000000e2500000)
  to   space 5120K, 0% used [0x00000000e2500000,0x00000000e2500000,0x00000000e2a00000)
 ParOldGen       total 86016K, used 3346K [0x00000000a0000000, 0x00000000a5400000, 0x00000000e0000000)
  object space 86016K, 3% used [0x00000000a0000000,0x00000000a03449c8,0x00000000a5400000)
 Metaspace       used 16508K, capacity 16832K, committed 17024K, reserved 1064960K
  class space    used 2295K, capacity 2381K, committed 2432K, reserved 1048576K
}
Event: 14.867 GC heap before
{Heap before GC invocations=4 (full 0):
 PSYoungGen      total 37888K, used 26961K [0x00000000e0000000, 0x00000000e2a00000, 0x0000000100000000)
  eden space 32768K, 66% used [0x00000000e0000000,0x00000000e1557930,0x00000000e2000000)
  from space 5120K, 99% used [0x00000000e2000000,0x00000000e24fce60,0x00000000e2500000)
  to   space 5120K, 0% used [0x00000000e2500000,0x00000000e2500000,0x00000000e2a00000)
 ParOldGen       total 86016K, used 3346K [0x00000000a0000000, 0x00000000a5400000, 0x00000000e0000000)
  object space 86016K, 3% used [0x00000000a0000000,0x00000000a03449c8,0x00000000a5400000)
 Metaspace       used 20812K, capacity 21100K, committed 21296K, reserved 1067008K
  class space    used 2755K, capacity 2865K, committed 2944K, reserved 1048576K
Event: 14.877 GC heap after
Heap after GC invocations=4 (full 0):
 PSYoungGen      total 37888K, used 5099K [0x00000000e0000000, 0x00000000e2a00000, 0x0000000100000000)
  eden space 32768K, 0% used [0x00000000e0000000,0x00000000e0000000,0x00000000e2000000)
  from space 5120K, 99% used [0x00000000e2500000,0x00000000e29fafc0,0x00000000e2a00000)
  to   space 5120K, 0% used [0x00000000e2000000,0x00000000e2000000,0x00000000e2500000)
 ParOldGen       total 86016K, used 7419K [0x00000000a0000000, 0x00000000a5400000, 0x00000000e0000000)
  object space 86016K, 8% used [0x00000000a0000000,0x00000000a073edf0,0x00000000a5400000)
 Metaspace       used 20812K, capacity 21100K, committed 21296K, reserved 1067008K
  class space    used 2755K, capacity 2865K, committed 2944K, reserved 1048576K
}
Event: 14.877 GC heap before
{Heap before GC invocations=5 (full 1):
 PSYoungGen      total 37888K, used 5099K [0x00000000e0000000, 0x00000000e2a00000, 0x0000000100000000)
  eden space 32768K, 0% used [0x00000000e0000000,0x00000000e0000000,0x00000000e2000000)
  from space 5120K, 99% used [0x00000000e2500000,0x00000000e29fafc0,0x00000000e2a00000)
  to   space 5120K, 0% used [0x00000000e2000000,0x00000000e2000000,0x00000000e2500000)
 ParOldGen       total 86016K, used 7419K [0x00000000a0000000, 0x00000000a5400000, 0x00000000e0000000)
  object space 86016K, 8% used [0x00000000a0000000,0x00000000a073edf0,0x00000000a5400000)
 Metaspace       used 20812K, capacity 21100K, committed 21296K, reserved 1067008K
  class space    used 2755K, capacity 2865K, committed 2944K, reserved 1048576K
Event: 14.957 GC heap after
Heap after GC invocations=5 (full 1):
 PSYoungGen      total 37888K, used 0K [0x00000000e0000000, 0x00000000e2a00000, 0x0000000100000000)
  eden space 32768K, 0% used [0x00000000e0000000,0x00000000e0000000,0x00000000e2000000)
  from space 5120K, 0% used [0x00000000e2500000,0x00000000e2500000,0x00000000e2a00000)
  to   space 5120K, 0% used [0x00000000e2000000,0x00000000e2000000,0x00000000e2500000)
 ParOldGen       total 60928K, used 9014K [0x00000000a0000000, 0x00000000a3b80000, 0x00000000e0000000)
  object space 60928K, 14% used [0x00000000a0000000,0x00000000a08cd970,0x00000000a3b80000)
 Metaspace       used 20812K, capacity 21100K, committed 21296K, reserved 1067008K
  class space    used 2755K, capacity 2865K, committed 2944K, reserved 1048576K
}
Event: 17.400 GC heap before
{Heap before GC invocations=6 (full 1):
 PSYoungGen      total 37888K, used 32768K [0x00000000e0000000, 0x00000000e2a00000, 0x0000000100000000)
  eden space 32768K, 100% used [0x00000000e0000000,0x00000000e2000000,0x00000000e2000000)
  from space 5120K, 0% used [0x00000000e2500000,0x00000000e2500000,0x00000000e2a00000)
  to   space 5120K, 0% used [0x00000000e2000000,0x00000000e2000000,0x00000000e2500000)
 ParOldGen       total 60928K, used 9014K [0x00000000a0000000, 0x00000000a3b80000, 0x00000000e0000000)
  object space 60928K, 14% used [0x00000000a0000000,0x00000000a08cd970,0x00000000a3b80000)
 Metaspace       used 23754K, capacity 24074K, committed 24320K, reserved 1071104K
  class space    used 3195K, capacity 3294K, committed 3328K, reserved 1048576K
Event: 17.409 GC heap after
Heap after GC invocations=6 (full 1):
 PSYoungGen      total 37888K, used 4721K [0x00000000e0000000, 0x00000000e4700000, 0x0000000100000000)
  eden space 32768K, 0% used [0x00000000e0000000,0x00000000e0000000,0x00000000e2000000)
  from space 5120K, 92% used [0x00000000e2000000,0x00000000e249c5c0,0x00000000e2500000)
  to   space 10752K, 0% used [0x00000000e3c80000,0x00000000e3c80000,0x00000000e4700000)
 ParOldGen       total 60928K, used 9022K [0x00000000a0000000, 0x00000000a3b80000, 0x00000000e0000000)
  object space 60928K, 14% used [0x00000000a0000000,0x00000000a08cf970,0x00000000a3b80000)
 Metaspace       used 23754K, capacity 24074K, committed 24320K, reserved 1071104K
  class space    used 3195K, capacity 3294K, committed 3328K, reserved 1048576K
}
Event: 18.365 GC heap before
{Heap before GC invocations=7 (full 1):
 PSYoungGen      total 37888K, used 37489K [0x00000000e0000000, 0x00000000e4700000, 0x0000000100000000)
  eden space 32768K, 100% used [0x00000000e0000000,0x00000000e2000000,0x00000000e2000000)
  from space 5120K, 92% used [0x00000000e2000000,0x00000000e249c5c0,0x00000000e2500000)
  to   space 10752K, 0% used [0x00000000e3c80000,0x00000000e3c80000,0x00000000e4700000)
 ParOldGen       total 60928K, used 9022K [0x00000000a0000000, 0x00000000a3b80000, 0x00000000e0000000)
  object space 60928K, 14% used [0x00000000a0000000,0x00000000a08cf970,0x00000000a3b80000)
 Metaspace       used 26001K, capacity 26368K, committed 26496K, reserved 1073152K
  class space    used 3583K, capacity 3693K, committed 3712K, reserved 1048576K
Event: 18.377 GC heap after
Heap after GC invocations=7 (full 1):
 PSYoungGen      total 62464K, used 5291K [0x00000000e0000000, 0x00000000e4780000, 0x0000000100000000)
  eden space 51712K, 0% used [0x00000000e0000000,0x00000000e0000000,0x00000000e3280000)
  from space 10752K, 49% used [0x00000000e3c80000,0x00000000e41aad08,0x00000000e4700000)
  to   space 10240K, 0% used [0x00000000e3280000,0x00000000e3280000,0x00000000e3c80000)
 ParOldGen       total 60928K, used 9030K [0x00000000a0000000, 0x00000000a3b80000, 0x00000000e0000000)
  object space 60928K, 14% used [0x00000000a0000000,0x00000000a08d1970,0x00000000a3b80000)
 Metaspace       used 26001K, capacity 26368K, committed 26496K, reserved 1073152K
  class space    used 3583K, capacity 3693K, committed 3712K, reserved 1048576K
}

