# JRE version: OpenJDK Runtime Environment (8.0_112-b06) (build 1.8.0_112-release-b06)
# Java VM: OpenJDK 64-Bit Server VM (25.112-b06 mixed mode windows-amd64 compressed oops)
Heap:
 PSYoungGen      total 168448K, used 123426K [0x00000000e0000000, 0x00000000ec000000, 0x0000000100000000)
  eden space 158208K, 71% used [0x00000000e0000000,0x00000000e6e88d98,0x00000000e9a80000)
  from space 10240K, 99% used [0x00000000eb600000,0x00000000ebfffc38,0x00000000ec000000)
  to   space 12800K, 0% used [0x00000000ea700000,0x00000000ea700000,0x00000000eb380000)
 ParOldGen       total 88576K, used 17703K [0x00000000a0000000, 0x00000000a5680000, 0x00000000e0000000)
  object space 88576K, 19% used [0x00000000a0000000,0x00000000a1149c40,0x00000000a5680000)
 Metaspace       used 48405K, capacity 49902K, committed 50176K, reserved 1093632K
  class space    used 6546K, capacity 6882K, committed 6912K, reserved 1048576K
GC Heap History (10 events):
Event: 9.820 GC heap before
{Heap before GC invocations=6 (full 1):
 PSYoungGen      total 70656K, used 65536K [0x00000000e0000000, 0x00000000e4a00000, 0x0000000100000000)
  eden space 65536K, 100% used [0x00000000e0000000,0x00000000e4000000,0x00000000e4000000)
  from space 5120K, 0% used [0x00000000e4500000,0x00000000e4500000,0x00000000e4a00000)
  to   space 5120K, 0% used [0x00000000e4000000,0x00000000e4000000,0x00000000e4500000)
 ParOldGen       total 58368K, used 9046K [0x00000000a0000000, 0x00000000a3900000, 0x00000000e0000000)
  object space 58368K, 15% used [0x00000000a0000000,0x00000000a08d5a70,0x00000000a3900000)
 Metaspace       used 26012K, capacity 26368K, committed 26496K, reserved 1073152K
  class space    used 3581K, capacity 3693K, committed 3712K, reserved 1048576K
Event: 9.845 GC heap after
Heap after GC invocations=6 (full 1):
 PSYoungGen      total 70656K, used 5109K [0x00000000e0000000, 0x00000000e7f80000, 0x0000000100000000)
  eden space 65536K, 0% used [0x00000000e0000000,0x00000000e0000000,0x00000000e4000000)
  from space 5120K, 99% used [0x00000000e4000000,0x00000000e44fd788,0x00000000e4500000)
  to   space 10752K, 0% used [0x00000000e7500000,0x00000000e7500000,0x00000000e7f80000)
 ParOldGen       total 58368K, used 11870K [0x00000000a0000000, 0x00000000a3900000, 0x00000000e0000000)
  object space 58368K, 20% used [0x00000000a0000000,0x00000000a0b97818,0x00000000a3900000)
 Metaspace       used 26012K, capacity 26368K, committed 26496K, reserved 1073152K
  class space    used 3581K, capacity 3693K, committed 3712K, reserved 1048576K
}
Event: 15.259 GC heap before
{Heap before GC invocations=7 (full 1):
 PSYoungGen      total 70656K, used 70645K [0x00000000e0000000, 0x00000000e7f80000, 0x0000000100000000)
  eden space 65536K, 100% used [0x00000000e0000000,0x00000000e4000000,0x00000000e4000000)
  from space 5120K, 99% used [0x00000000e4000000,0x00000000e44fd788,0x00000000e4500000)
  to   space 10752K, 0% used [0x00000000e7500000,0x00000000e7500000,0x00000000e7f80000)
 ParOldGen       total 58368K, used 11870K [0x00000000a0000000, 0x00000000a3900000, 0x00000000e0000000)
  object space 58368K, 20% used [0x00000000a0000000,0x00000000a0b97818,0x00000000a3900000)
 Metaspace       used 29343K, capacity 29814K, committed 30080K, reserved 1075200K
  class space    used 3972K, capacity 4115K, committed 4224K, reserved 1048576K
Event: 15.270 GC heap after
Heap after GC invocations=7 (full 1):
 PSYoungGen      total 112128K, used 6293K [0x00000000e0000000, 0x00000000e7b80000, 0x0000000100000000)
  eden space 105472K, 0% used [0x00000000e0000000,0x00000000e0000000,0x00000000e6700000)
  from space 6656K, 94% used [0x00000000e7500000,0x00000000e7b25678,0x00000000e7b80000)
  to   space 10240K, 0% used [0x00000000e6780000,0x00000000e6780000,0x00000000e7180000)
 ParOldGen       total 58368K, used 11942K [0x00000000a0000000, 0x00000000a3900000, 0x00000000e0000000)
  object space 58368K, 20% used [0x00000000a0000000,0x00000000a0ba9828,0x00000000a3900000)
 Metaspace       used 29343K, capacity 29814K, committed 30080K, reserved 1075200K
  class space    used 3972K, capacity 4115K, committed 4224K, reserved 1048576K
}
Event: 17.274 GC heap before
{Heap before GC invocations=8 (full 1):
 PSYoungGen      total 112128K, used 76669K [0x00000000e0000000, 0x00000000e7b80000, 0x0000000100000000)
  eden space 105472K, 66% used [0x00000000e0000000,0x00000000e44b9df0,0x00000000e6700000)
  from space 6656K, 94% used [0x00000000e7500000,0x00000000e7b25678,0x00000000e7b80000)
  to   space 10240K, 0% used [0x00000000e6780000,0x00000000e6780000,0x00000000e7180000)
 ParOldGen       total 58368K, used 11942K [0x00000000a0000000, 0x00000000a3900000, 0x00000000e0000000)
  object space 58368K, 20% used [0x00000000a0000000,0x00000000a0ba9828,0x00000000a3900000)
 Metaspace       used 34791K, capacity 35336K, committed 35496K, reserved 1079296K
  class space    used 4646K, capacity 4810K, committed 4864K, reserved 1048576K
Event: 17.312 GC heap after
Heap after GC invocations=8 (full 1):
 PSYoungGen      total 116224K, used 10226K [0x00000000e0000000, 0x00000000ec200000, 0x0000000100000000)
  eden space 105984K, 0% used [0x00000000e0000000,0x00000000e0000000,0x00000000e6780000)
  from space 10240K, 99% used [0x00000000e6780000,0x00000000e717cb38,0x00000000e7180000)
  to   space 12288K, 0% used [0x00000000eb600000,0x00000000eb600000,0x00000000ec200000)
 ParOldGen       total 58368K, used 13313K [0x00000000a0000000, 0x00000000a3900000, 0x00000000e0000000)
  object space 58368K, 22% used [0x00000000a0000000,0x00000000a0d007e8,0x00000000a3900000)
 Metaspace       used 34791K, capacity 35336K, committed 35496K, reserved 1079296K
  class space    used 4646K, capacity 4810K, committed 4864K, reserved 1048576K
}
Event: 17.312 GC heap before
{Heap before GC invocations=9 (full 2):
 PSYoungGen      total 116224K, used 10226K [0x00000000e0000000, 0x00000000ec200000, 0x0000000100000000)
  eden space 105984K, 0% used [0x00000000e0000000,0x00000000e0000000,0x00000000e6780000)
  from space 10240K, 99% used [0x00000000e6780000,0x00000000e717cb38,0x00000000e7180000)
  to   space 12288K, 0% used [0x00000000eb600000,0x00000000eb600000,0x00000000ec200000)
 ParOldGen       total 58368K, used 13313K [0x00000000a0000000, 0x00000000a3900000, 0x00000000e0000000)
  object space 58368K, 22% used [0x00000000a0000000,0x00000000a0d007e8,0x00000000a3900000)
 Metaspace       used 34791K, capacity 35336K, committed 35496K, reserved 1079296K
  class space    used 4646K, capacity 4810K, committed 4864K, reserved 1048576K
Event: 17.470 GC heap after
Heap after GC invocations=9 (full 2):
 PSYoungGen      total 116224K, used 0K [0x00000000e0000000, 0x00000000ec200000, 0x0000000100000000)
  eden space 105984K, 0% used [0x00000000e0000000,0x00000000e0000000,0x00000000e6780000)
  from space 10240K, 0% used [0x00000000e6780000,0x00000000e6780000,0x00000000e7180000)
  to   space 12288K, 0% used [0x00000000eb600000,0x00000000eb600000,0x00000000ec200000)
 ParOldGen       total 88576K, used 17695K [0x00000000a0000000, 0x00000000a5680000, 0x00000000e0000000)
  object space 88576K, 19% used [0x00000000a0000000,0x00000000a1147c40,0x00000000a5680000)
 Metaspace       used 34791K, capacity 35336K, committed 35496K, reserved 1079296K
  class space    used 4646K, capacity 4810K, committed 4864K, reserved 1048576K
}
Event: 23.348 GC heap before
{Heap before GC invocations=10 (full 2):
 PSYoungGen      total 116224K, used 105984K [0x00000000e0000000, 0x00000000ec200000, 0x0000000100000000)
  eden space 105984K, 100% used [0x00000000e0000000,0x00000000e6780000,0x00000000e6780000)
  from space 10240K, 0% used [0x00000000e6780000,0x00000000e6780000,0x00000000e7180000)
  to   space 12288K, 0% used [0x00000000eb600000,0x00000000eb600000,0x00000000ec200000)
 ParOldGen       total 88576K, used 17695K [0x00000000a0000000, 0x00000000a5680000, 0x00000000e0000000)
  object space 88576K, 19% used [0x00000000a0000000,0x00000000a1147c40,0x00000000a5680000)
 Metaspace       used 42454K, capacity 43220K, committed 43520K, reserved 1087488K
  class space    used 5654K, capacity 5855K, committed 5888K, reserved 1048576K
Event: 23.398 GC heap after
Heap after GC invocations=10 (full 2):
 PSYoungGen      total 168448K, used 10239K [0x00000000e0000000, 0x00000000ec000000, 0x0000000100000000)
  eden space 158208K, 0% used [0x00000000e0000000,0x00000000e0000000,0x00000000e9a80000)
  from space 10240K, 99% used [0x00000000eb600000,0x00000000ebfffc38,0x00000000ec000000)
  to   space 12800K, 0% used [0x00000000ea700000,0x00000000ea700000,0x00000000eb380000)
 ParOldGen       total 88576K, used 17703K [0x00000000a0000000, 0x00000000a5680000, 0x00000000e0000000)
  object space 88576K, 19% used [0x00000000a0000000,0x00000000a1149c40,0x00000000a5680000)
 Metaspace       used 42454K, capacity 43220K, committed 43520K, reserved 1087488K
  class space    used 5654K, capacity 5855K, committed 5888K, reserved 1048576K
}

